[2018-05-20 21:53:51]
type: E_WARNING
message: include(): Failed opening './ddd' for inclusion (include_path='.;C:\php\pear')
file: D:\GIT\PHP300Framework2x\Project\Home\Index.class.php
line: 14
------------------

 [2018-05-20 21:53:52]
type: E_WARNING
message: include(): Failed opening './ddd' for inclusion (include_path='.;C:\php\pear')
file: D:\GIT\PHP300Framework2x\Project\Home\Index.class.php
line: 14
------------------

 [2018-05-20 21:58:42]
type: E_WARNING
message: include(): Failed opening './ddd' for inclusion (include_path='.;C:\php\pear')
file: D:\GIT\PHP300Framework2x\Project\Home\Index.class.php
line: 14
------------------

 [2018-05-20 21:58:42]
type: E_WARNING
message: include(): Failed opening './ddd' for inclusion (include_path='.;C:\php\pear')
file: D:\GIT\PHP300Framework2x\Project\Home\Index.class.php
line: 14
------------------

 [2018-05-20 21:58:45]
type: E_WARNING
message: include(): Failed opening './ddd' for inclusion (include_path='.;C:\php\pear')
file: D:\GIT\PHP300Framework2x\Project\Home\Index.class.php
line: 14
------------------

 [2018-05-20 21:58:51]
type: E_WARNING
message: include(): Failed opening './ddd' for inclusion (include_path='.;C:\php\pear')
file: D:\GIT\PHP300Framework2x\Project\Home\Index.class.php
line: 14
------------------

 [2018-05-20 21:58:51]
type: E_WARNING
message: include(): Failed opening './ddd' for inclusion (include_path='.;C:\php\pear')
file: D:\GIT\PHP300Framework2x\Project\Home\Index.class.php
line: 14
------------------

 [2018-05-20 21:58:54]
type: E_WARNING
message: include(): Failed opening './ddd' for inclusion (include_path='.;C:\php\pear')
file: D:\GIT\PHP300Framework2x\Project\Home\Index.class.php
line: 14
------------------

 [2018-05-20 21:59:11]
type: E_WARNING
message: include(): Failed opening './ddd' for inclusion (include_path='.;C:\php\pear')
file: D:\GIT\PHP300Framework2x\Project\Home\Index.class.php
line: 14
------------------

 [2018-05-20 21:59:11]
type: E_WARNING
message: include(): Failed opening './ddd' for inclusion (include_path='.;C:\php\pear')
file: D:\GIT\PHP300Framework2x\Project\Home\Index.class.php
line: 14
------------------

 [2018-05-20 22:00:34]
type: E_WARNING
message: include(): Failed opening './ddd' for inclusion (include_path='.;C:\php\pear')
file: D:\GIT\PHP300Framework2x\Project\Home\Index.class.php
line: 14
------------------

 [2018-05-20 22:00:34]
type: E_WARNING
message: include(): Failed opening './ddd' for inclusion (include_path='.;C:\php\pear')
file: D:\GIT\PHP300Framework2x\Project\Home\Index.class.php
line: 14
------------------

 [2018-05-20 22:00:56]
type: E_WARNING
message: include(): Failed opening './ddd' for inclusion (include_path='.;C:\php\pear')
file: D:\GIT\PHP300Framework2x\Project\Home\Index.class.php
line: 14
------------------

 [2018-05-20 22:00:56]
type: E_WARNING
message: include(): Failed opening './ddd' for inclusion (include_path='.;C:\php\pear')
file: D:\GIT\PHP300Framework2x\Project\Home\Index.class.php
line: 14
------------------

 [2018-05-20 22:01:56]
type: E_WARNING
message: include(): Failed opening './ddd' for inclusion (include_path='.;C:\php\pear')
file: D:\GIT\PHP300Framework2x\Project\Home\Index.class.php
line: 14
------------------

 [2018-05-20 22:01:56]
type: E_WARNING
message: include(): Failed opening './ddd' for inclusion (include_path='.;C:\php\pear')
file: D:\GIT\PHP300Framework2x\Project\Home\Index.class.php
line: 14
------------------

 [2018-05-20 22:03:41]
type: E_WARNING
message: include(): Failed opening './ddd' for inclusion (include_path='.;C:\php\pear')
file: D:\GIT\PHP300Framework2x\Project\Home\Index.class.php
line: 14
------------------

 [2018-05-20 22:04:48]
type: E_WARNING
message: include(): Failed opening './ddd' for inclusion (include_path='.;C:\php\pear')
file: D:\GIT\PHP300Framework2x\Project\Home\Index.class.php
line: 14
------------------

 [2018-05-20 22:04:48]
type: E_WARNING
message: include(): Failed opening './ddd' for inclusion (include_path='.;C:\php\pear')
file: D:\GIT\PHP300Framework2x\Project\Home\Index.class.php
line: 14
------------------

 [2018-05-20 22:10:24]
type: E_WARNING
message: include(): Failed opening './ddd' for inclusion (include_path='.;C:\php\pear')
file: D:\GIT\PHP300Framework2x\Project\Home\Index.class.php
line: 14
------------------

 [2018-05-20 22:10:25]
type: E_WARNING
message: include(): Failed opening './ddd' for inclusion (include_path='.;C:\php\pear')
file: D:\GIT\PHP300Framework2x\Project\Home\Index.class.php
line: 14
------------------

 [2018-05-20 22:10:52]
type: E_WARNING
message: include(): Failed opening './ddd' for inclusion (include_path='.;C:\php\pear')
file: D:\GIT\PHP300Framework2x\Project\Home\Index.class.php
line: 14
------------------

 [2018-05-20 22:10:52]
type: E_WARNING
message: include(): Failed opening './ddd' for inclusion (include_path='.;C:\php\pear')
file: D:\GIT\PHP300Framework2x\Project\Home\Index.class.php
line: 14
------------------

 [2018-05-20 22:11:52]
type: E_WARNING
message: include(): Failed opening './ddd' for inclusion (include_path='.;C:\php\pear')
file: D:\GIT\PHP300Framework2x\Project\Home\Index.class.php
line: 14
------------------

 [2018-05-20 22:11:52]
type: E_WARNING
message: include(): Failed opening './ddd' for inclusion (include_path='.;C:\php\pear')
file: D:\GIT\PHP300Framework2x\Project\Home\Index.class.php
line: 14
------------------

 [2018-05-20 22:12:46]
type: E_WARNING
message: include(): Failed opening './ddd' for inclusion (include_path='.;C:\php\pear')
file: D:\GIT\PHP300Framework2x\Project\Home\Index.class.php
line: 14
------------------

 [2018-05-20 22:12:47]
type: E_WARNING
message: include(): Failed opening './ddd' for inclusion (include_path='.;C:\php\pear')
file: D:\GIT\PHP300Framework2x\Project\Home\Index.class.php
line: 14
------------------

 [2018-05-20 22:13:15]
type: E_WARNING
message: include(): Failed opening './ddd' for inclusion (include_path='.;C:\php\pear')
file: D:\GIT\PHP300Framework2x\Project\Home\Index.class.php
line: 14
------------------

 [2018-05-20 22:13:15]
type: E_WARNING
message: include(): Failed opening './ddd' for inclusion (include_path='.;C:\php\pear')
file: D:\GIT\PHP300Framework2x\Project\Home\Index.class.php
line: 14
------------------

 [2018-05-20 22:13:48]
type: E_WARNING
message: include(): Failed opening './ddd' for inclusion (include_path='.;C:\php\pear')
file: D:\GIT\PHP300Framework2x\Project\Home\Index.class.php
line: 14
------------------

 [2018-05-20 22:13:48]
type: E_WARNING
message: include(): Failed opening './ddd' for inclusion (include_path='.;C:\php\pear')
file: D:\GIT\PHP300Framework2x\Project\Home\Index.class.php
line: 14
------------------

 [2018-05-20 22:14:01]
type: E_WARNING
message: include(): Failed opening './ddd' for inclusion (include_path='.;C:\php\pear')
file: D:\GIT\PHP300Framework2x\Project\Home\Index.class.php
line: 14
------------------

 [2018-05-20 22:14:01]
type: E_WARNING
message: include(): Failed opening './ddd' for inclusion (include_path='.;C:\php\pear')
file: D:\GIT\PHP300Framework2x\Project\Home\Index.class.php
line: 14
------------------

 [2018-05-20 22:14:10]
type: E_WARNING
message: include(): Failed opening './ddd' for inclusion (include_path='.;C:\php\pear')
file: D:\GIT\PHP300Framework2x\Project\Home\Index.class.php
line: 14
------------------

 [2018-05-20 22:14:10]
type: E_WARNING
message: include(): Failed opening './ddd' for inclusion (include_path='.;C:\php\pear')
file: D:\GIT\PHP300Framework2x\Project\Home\Index.class.php
line: 14
------------------

 [2018-05-20 22:18:37]
type: E_NOTICE
message: Use of undefined constant dwq - assumed 'dwq'
file: D:\GIT\PHP300Framework2x\Project\Home\Index.class.php
line: 12
------------------

 [2018-05-20 22:18:37]
type: E_NOTICE
message: Use of undefined constant dwq - assumed 'dwq'
file: D:\GIT\PHP300Framework2x\Project\Home\Index.class.php
line: 12
------------------

 [2018-05-20 22:18:57]
type: E_NOTICE
message: Use of undefined constant dwq - assumed 'dwq'
file: D:\GIT\PHP300Framework2x\Project\Home\Index.class.php
line: 12
------------------

 [2018-05-20 22:18:57]
type: E_NOTICE
message: Use of undefined constant dwq - assumed 'dwq'
file: D:\GIT\PHP300Framework2x\Project\Home\Index.class.php
line: 12
------------------

 [2018-05-20 22:26:10]
type: E_NOTICE
message: Use of undefined constant dwq - assumed 'dwq'
file: D:\GIT\PHP300Framework2x\Project\Home\Index.class.php
line: 12
------------------

 [2018-05-20 22:26:11]
type: E_NOTICE
message: Use of undefined constant dwq - assumed 'dwq'
file: D:\GIT\PHP300Framework2x\Project\Home\Index.class.php
line: 12
------------------

 [2018-05-20 22:26:58]
type: E_NOTICE
message: Use of undefined constant dwq - assumed 'dwq'
file: D:\GIT\PHP300Framework2x\Project\Home\Index.class.php
line: 12
------------------

 [2018-05-20 22:30:52]
type: E_NOTICE
message: Use of undefined constant dwq - assumed 'dwq'
file: D:\GIT\PHP300Framework2x\Project\Home\Index.class.php
line: 12
------------------

 [2018-05-20 22:31:20]
type: E_NOTICE
message: Use of undefined constant dwq - assumed 'dwq'
file: D:\GIT\PHP300Framework2x\Project\Home\Index.class.php
line: 12
------------------

 [2018-05-20 22:31:31]
type: E_NOTICE
message: Use of undefined constant dwq - assumed 'dwq'
file: D:\GIT\PHP300Framework2x\Project\Home\Index.class.php
line: 12
------------------

 [2018-05-20 22:31:31]
type: E_NOTICE
message: Use of undefined constant dwq - assumed 'dwq'
file: D:\GIT\PHP300Framework2x\Project\Home\Index.class.php
line: 12
------------------

 [2018-05-20 22:32:24]
type: E_NOTICE
message: Use of undefined constant dwq - assumed 'dwq'
file: D:\GIT\PHP300Framework2x\Project\Home\Index.class.php
line: 12
------------------

 [2018-05-20 22:32:36]
type: E_NOTICE
message: Use of undefined constant dwq - assumed 'dwq'
file: D:\GIT\PHP300Framework2x\Project\Home\Index.class.php
line: 12
------------------

 [2018-05-20 22:32:37]
type: E_NOTICE
message: Use of undefined constant dwq - assumed 'dwq'
file: D:\GIT\PHP300Framework2x\Project\Home\Index.class.php
line: 12
------------------

 [2018-05-20 22:42:22]
type: E_NOTICE
message: Use of undefined constant dwq - assumed 'dwq'
file: D:\GIT\PHP300Framework2x\Project\Home\Index.class.php
line: 12
------------------

 [2018-05-20 22:42:22]
type: E_NOTICE
message: Use of undefined constant dwq - assumed 'dwq'
file: D:\GIT\PHP300Framework2x\Project\Home\Index.class.php
line: 12
------------------

 [2018-05-20 22:43:16]
type: E_NOTICE
message: Use of undefined constant dwq - assumed 'dwq'
file: D:\GIT\PHP300Framework2x\Project\Home\Index.class.php
line: 12
------------------

 [2018-05-20 22:43:16]
type: E_NOTICE
message: Use of undefined constant dwq - assumed 'dwq'
file: D:\GIT\PHP300Framework2x\Project\Home\Index.class.php
line: 12
------------------

 [2018-05-20 22:43:20]
type: E_NOTICE
message: Use of undefined constant dwq - assumed 'dwq'
file: D:\GIT\PHP300Framework2x\Project\Home\Index.class.php
line: 12
------------------

 [2018-05-20 22:43:53]
type: E_NOTICE
message: Use of undefined constant dwq - assumed 'dwq'
file: D:\GIT\PHP300Framework2x\Project\Home\Index.class.php
line: 12
------------------

 [2018-05-20 22:43:54]
type: E_NOTICE
message: Use of undefined constant dwq - assumed 'dwq'
file: D:\GIT\PHP300Framework2x\Project\Home\Index.class.php
line: 12
------------------

 [2018-05-20 22:43:54]
type: E_NOTICE
message: Use of undefined constant dwq - assumed 'dwq'
file: D:\GIT\PHP300Framework2x\Project\Home\Index.class.php
line: 12
------------------

 [2018-05-20 22:43:54]
type: E_NOTICE
message: Use of undefined constant dwq - assumed 'dwq'
file: D:\GIT\PHP300Framework2x\Project\Home\Index.class.php
line: 12
------------------

 [2018-05-20 22:43:54]
type: E_NOTICE
message: Use of undefined constant dwq - assumed 'dwq'
file: D:\GIT\PHP300Framework2x\Project\Home\Index.class.php
line: 12
------------------

 [2018-05-20 22:43:54]
type: E_NOTICE
message: Use of undefined constant dwq - assumed 'dwq'
file: D:\GIT\PHP300Framework2x\Project\Home\Index.class.php
line: 12
------------------

 [2018-05-20 22:43:54]
type: E_NOTICE
message: Use of undefined constant dwq - assumed 'dwq'
file: D:\GIT\PHP300Framework2x\Project\Home\Index.class.php
line: 12
------------------

 [2018-05-20 22:43:55]
type: E_NOTICE
message: Use of undefined constant dwq - assumed 'dwq'
file: D:\GIT\PHP300Framework2x\Project\Home\Index.class.php
line: 12
------------------

 [2018-05-20 22:43:55]
type: E_NOTICE
message: Use of undefined constant dwq - assumed 'dwq'
file: D:\GIT\PHP300Framework2x\Project\Home\Index.class.php
line: 12
------------------

 [2018-05-20 22:43:55]
type: E_NOTICE
message: Use of undefined constant dwq - assumed 'dwq'
file: D:\GIT\PHP300Framework2x\Project\Home\Index.class.php
line: 12
------------------

 [2018-05-20 22:43:56]
type: E_NOTICE
message: Use of undefined constant dwq - assumed 'dwq'
file: D:\GIT\PHP300Framework2x\Project\Home\Index.class.php
line: 12
------------------

 [2018-05-20 22:44:26]
type: E_NOTICE
message: Use of undefined constant dwq - assumed 'dwq'
file: D:\GIT\PHP300Framework2x\Project\Home\Index.class.php
line: 12
------------------

 [2018-05-20 22:44:26]
type: E_NOTICE
message: Use of undefined constant dwq - assumed 'dwq'
file: D:\GIT\PHP300Framework2x\Project\Home\Index.class.php
line: 12
------------------

 [2018-05-20 22:44:26]
type: E_NOTICE
message: Use of undefined constant dwq - assumed 'dwq'
file: D:\GIT\PHP300Framework2x\Project\Home\Index.class.php
line: 12
------------------

 [2018-05-20 22:44:26]
type: E_NOTICE
message: Use of undefined constant dwq - assumed 'dwq'
file: D:\GIT\PHP300Framework2x\Project\Home\Index.class.php
line: 12
------------------

 [2018-05-20 22:44:26]
type: E_NOTICE
message: Use of undefined constant dwq - assumed 'dwq'
file: D:\GIT\PHP300Framework2x\Project\Home\Index.class.php
line: 12
------------------

 [2018-05-20 22:44:27]
type: E_NOTICE
message: Use of undefined constant dwq - assumed 'dwq'
file: D:\GIT\PHP300Framework2x\Project\Home\Index.class.php
line: 12
------------------

 [2018-05-20 22:44:27]
type: E_NOTICE
message: Use of undefined constant dwq - assumed 'dwq'
file: D:\GIT\PHP300Framework2x\Project\Home\Index.class.php
line: 12
------------------

 [2018-05-20 22:44:27]
type: E_NOTICE
message: Use of undefined constant dwq - assumed 'dwq'
file: D:\GIT\PHP300Framework2x\Project\Home\Index.class.php
line: 12
------------------

 [2018-05-20 22:44:28]
type: E_NOTICE
message: Use of undefined constant dwq - assumed 'dwq'
file: D:\GIT\PHP300Framework2x\Project\Home\Index.class.php
line: 12
------------------

 [2018-05-20 22:44:44]
type: E_NOTICE
message: Use of undefined constant dwq - assumed 'dwq'
file: D:\GIT\PHP300Framework2x\Project\Home\Index.class.php
line: 12
------------------

 [2018-05-20 22:44:45]
type: E_NOTICE
message: Use of undefined constant dwq - assumed 'dwq'
file: D:\GIT\PHP300Framework2x\Project\Home\Index.class.php
line: 12
------------------

 [2018-05-20 22:44:45]
type: E_NOTICE
message: Use of undefined constant dwq - assumed 'dwq'
file: D:\GIT\PHP300Framework2x\Project\Home\Index.class.php
line: 12
------------------

 [2018-05-20 22:44:45]
type: E_NOTICE
message: Use of undefined constant dwq - assumed 'dwq'
file: D:\GIT\PHP300Framework2x\Project\Home\Index.class.php
line: 12
------------------

 [2018-05-20 22:44:45]
type: E_NOTICE
message: Use of undefined constant dwq - assumed 'dwq'
file: D:\GIT\PHP300Framework2x\Project\Home\Index.class.php
line: 12
------------------

 [2018-05-20 22:44:47]
type: E_NOTICE
message: Use of undefined constant dwq - assumed 'dwq'
file: D:\GIT\PHP300Framework2x\Project\Home\Index.class.php
line: 12
------------------

 [2018-05-20 22:44:47]
type: E_NOTICE
message: Use of undefined constant dwq - assumed 'dwq'
file: D:\GIT\PHP300Framework2x\Project\Home\Index.class.php
line: 12
------------------

 [2018-05-20 22:44:47]
type: E_NOTICE
message: Use of undefined constant dwq - assumed 'dwq'
file: D:\GIT\PHP300Framework2x\Project\Home\Index.class.php
line: 12
------------------

 [2018-05-20 22:44:47]
type: E_NOTICE
message: Use of undefined constant dwq - assumed 'dwq'
file: D:\GIT\PHP300Framework2x\Project\Home\Index.class.php
line: 12
------------------

 [2018-05-20 22:44:49]
type: E_NOTICE
message: Use of undefined constant dwq - assumed 'dwq'
file: D:\GIT\PHP300Framework2x\Project\Home\Index.class.php
line: 12
------------------

 [2018-05-20 22:44:49]
type: E_NOTICE
message: Use of undefined constant dwq - assumed 'dwq'
file: D:\GIT\PHP300Framework2x\Project\Home\Index.class.php
line: 12
------------------

 [2018-05-20 22:44:49]
type: E_NOTICE
message: Use of undefined constant dwq - assumed 'dwq'
file: D:\GIT\PHP300Framework2x\Project\Home\Index.class.php
line: 12
------------------

 [2018-05-20 22:44:50]
type: E_NOTICE
message: Use of undefined constant dwq - assumed 'dwq'
file: D:\GIT\PHP300Framework2x\Project\Home\Index.class.php
line: 12
------------------

 [2018-05-20 22:44:50]
type: E_NOTICE
message: Use of undefined constant dwq - assumed 'dwq'
file: D:\GIT\PHP300Framework2x\Project\Home\Index.class.php
line: 12
------------------

 [2018-05-20 22:44:51]
type: E_NOTICE
message: Use of undefined constant dwq - assumed 'dwq'
file: D:\GIT\PHP300Framework2x\Project\Home\Index.class.php
line: 12
------------------

 [2018-05-20 22:44:52]
type: E_NOTICE
message: Use of undefined constant dwq - assumed 'dwq'
file: D:\GIT\PHP300Framework2x\Project\Home\Index.class.php
line: 12
------------------

 [2018-05-20 22:47:34]
type: E_NOTICE
message: Use of undefined constant dwq - assumed 'dwq'
file: D:\GIT\PHP300Framework2x\Project\Home\Index.class.php
line: 12
------------------

 [2018-05-20 22:47:34]
type: E_NOTICE
message: Use of undefined constant dwq - assumed 'dwq'
file: D:\GIT\PHP300Framework2x\Project\Home\Index.class.php
line: 12
------------------

 [2018-05-20 22:48:43]
type: E_NOTICE
message: Use of undefined constant dwq - assumed 'dwq'
file: D:\GIT\PHP300Framework2x\Project\Home\Index.class.php
line: 12
------------------

 [2018-05-20 22:48:45]
type: E_NOTICE
message: Use of undefined constant dwq - assumed 'dwq'
file: D:\GIT\PHP300Framework2x\Project\Home\Index.class.php
line: 12
------------------

 [2018-05-20 22:48:45]
type: E_NOTICE
message: Use of undefined constant dwq - assumed 'dwq'
file: D:\GIT\PHP300Framework2x\Project\Home\Index.class.php
line: 12
------------------

 [2018-05-20 22:48:45]
type: E_NOTICE
message: Use of undefined constant dwq - assumed 'dwq'
file: D:\GIT\PHP300Framework2x\Project\Home\Index.class.php
line: 12
------------------

 [2018-05-20 22:48:46]
type: E_NOTICE
message: Use of undefined constant dwq - assumed 'dwq'
file: D:\GIT\PHP300Framework2x\Project\Home\Index.class.php
line: 12
------------------

 [2018-05-20 22:48:51]
type: E_NOTICE
message: Use of undefined constant dwq - assumed 'dwq'
file: D:\GIT\PHP300Framework2x\Project\Home\Index.class.php
line: 12
------------------

 [2018-05-20 22:48:56]
type: E_NOTICE
message: Use of undefined constant dwq - assumed 'dwq'
file: D:\GIT\PHP300Framework2x\Project\Home\Index.class.php
line: 12
------------------

 [2018-05-20 22:48:57]
type: E_NOTICE
message: Use of undefined constant dwq - assumed 'dwq'
file: D:\GIT\PHP300Framework2x\Project\Home\Index.class.php
line: 12
------------------

 [2018-05-20 22:48:57]
type: E_NOTICE
message: Use of undefined constant dwq - assumed 'dwq'
file: D:\GIT\PHP300Framework2x\Project\Home\Index.class.php
line: 12
------------------

 [2018-05-20 22:48:58]
type: E_NOTICE
message: Use of undefined constant dwq - assumed 'dwq'
file: D:\GIT\PHP300Framework2x\Project\Home\Index.class.php
line: 12
------------------

 [2018-05-20 22:48:59]
type: E_NOTICE
message: Use of undefined constant dwq - assumed 'dwq'
file: D:\GIT\PHP300Framework2x\Project\Home\Index.class.php
line: 12
------------------

 [2018-05-20 22:49:02]
type: E_NOTICE
message: Use of undefined constant dwq - assumed 'dwq'
file: D:\GIT\PHP300Framework2x\Project\Home\Index.class.php
line: 12
------------------

 [2018-05-20 22:49:04]
type: E_NOTICE
message: Use of undefined constant dwq - assumed 'dwq'
file: D:\GIT\PHP300Framework2x\Project\Home\Index.class.php
line: 12
------------------

 [2018-05-20 22:49:04]
type: E_NOTICE
message: Use of undefined constant dwq - assumed 'dwq'
file: D:\GIT\PHP300Framework2x\Project\Home\Index.class.php
line: 12
------------------

 [2018-05-20 22:49:04]
type: E_NOTICE
message: Use of undefined constant dwq - assumed 'dwq'
file: D:\GIT\PHP300Framework2x\Project\Home\Index.class.php
line: 12
------------------

 [2018-05-20 22:49:05]
type: E_NOTICE
message: Use of undefined constant dwq - assumed 'dwq'
file: D:\GIT\PHP300Framework2x\Project\Home\Index.class.php
line: 12
------------------

 [2018-05-20 22:49:05]
type: E_NOTICE
message: Use of undefined constant dwq - assumed 'dwq'
file: D:\GIT\PHP300Framework2x\Project\Home\Index.class.php
line: 12
------------------

 [2018-05-20 22:49:08]
type: E_NOTICE
message: Use of undefined constant dwq - assumed 'dwq'
file: D:\GIT\PHP300Framework2x\Project\Home\Index.class.php
line: 12
------------------

 [2018-05-20 23:10:07]
type: E_NOTICE
message: Use of undefined constant dwq - assumed 'dwq'
file: D:\GIT\PHP300Framework2x\Project\Home\Index.class.php
line: 12
------------------

 [2018-05-20 23:10:07]
type: E_NOTICE
message: Use of undefined constant dwq - assumed 'dwq'
file: D:\GIT\PHP300Framework2x\Project\Home\Index.class.php
line: 12
------------------

 [2018-05-20 23:10:08]
type: E_NOTICE
message: Use of undefined constant dwq - assumed 'dwq'
file: D:\GIT\PHP300Framework2x\Project\Home\Index.class.php
line: 12
------------------

 [2018-05-20 23:10:10]
type: E_NOTICE
message: Use of undefined constant dwq - assumed 'dwq'
file: D:\GIT\PHP300Framework2x\Project\Home\Index.class.php
line: 12
------------------

 [2018-05-20 23:10:10]
type: E_NOTICE
message: Use of undefined constant dwq - assumed 'dwq'
file: D:\GIT\PHP300Framework2x\Project\Home\Index.class.php
line: 12
------------------

 [2018-05-20 23:10:10]
type: E_NOTICE
message: Use of undefined constant dwq - assumed 'dwq'
file: D:\GIT\PHP300Framework2x\Project\Home\Index.class.php
line: 12
------------------

 [2018-05-20 23:10:10]
type: E_NOTICE
message: Use of undefined constant dwq - assumed 'dwq'
file: D:\GIT\PHP300Framework2x\Project\Home\Index.class.php
line: 12
------------------

 [2018-05-20 23:10:17]
type: E_NOTICE
message: Use of undefined constant dwq - assumed 'dwq'
file: D:\GIT\PHP300Framework2x\Project\Home\Index.class.php
line: 12
------------------

 [2018-05-20 23:10:51]
type: E_NOTICE
message: Use of undefined constant dwq - assumed 'dwq'
file: D:\GIT\PHP300Framework2x\Project\Home\Index.class.php
line: 12
------------------

 [2018-05-20 23:10:51]
type: E_NOTICE
message: Use of undefined constant dwq - assumed 'dwq'
file: D:\GIT\PHP300Framework2x\Project\Home\Index.class.php
line: 12
------------------

 [2018-05-20 23:10:53]
type: E_NOTICE
message: Use of undefined constant dwq - assumed 'dwq'
file: D:\GIT\PHP300Framework2x\Project\Home\Index.class.php
line: 12
------------------

 [2018-05-20 23:10:53]
type: E_NOTICE
message: Use of undefined constant dwq - assumed 'dwq'
file: D:\GIT\PHP300Framework2x\Project\Home\Index.class.php
line: 12
------------------

 [2018-05-20 23:10:57]
type: E_NOTICE
message: Use of undefined constant dwq - assumed 'dwq'
file: D:\GIT\PHP300Framework2x\Project\Home\Index.class.php
line: 12
------------------

 [2018-05-20 23:16:37]
type: E_NOTICE
message: Use of undefined constant dwq - assumed 'dwq'
file: D:\GIT\PHP300Framework2x\Project\Home\Index.class.php
line: 12
------------------

 [2018-05-20 23:16:38]
type: E_NOTICE
message: Use of undefined constant dwq - assumed 'dwq'
file: D:\GIT\PHP300Framework2x\Project\Home\Index.class.php
line: 12
------------------

 [2018-05-20 23:16:41]
type: E_NOTICE
message: Use of undefined constant dwq - assumed 'dwq'
file: D:\GIT\PHP300Framework2x\Project\Home\Index.class.php
line: 12
------------------

 [2018-05-20 23:16:55]
type: E_NOTICE
message: Use of undefined constant dwq - assumed 'dwq'
file: D:\GIT\PHP300Framework2x\Project\Home\Index.class.php
line: 12
------------------

 [2018-05-20 23:16:56]
type: E_NOTICE
message: Use of undefined constant dwq - assumed 'dwq'
file: D:\GIT\PHP300Framework2x\Project\Home\Index.class.php
line: 12
------------------

 [2018-05-20 23:16:56]
type: E_NOTICE
message: Use of undefined constant dwq - assumed 'dwq'
file: D:\GIT\PHP300Framework2x\Project\Home\Index.class.php
line: 12
------------------

 [2018-05-20 23:16:56]
type: E_NOTICE
message: Use of undefined constant dwq - assumed 'dwq'
file: D:\GIT\PHP300Framework2x\Project\Home\Index.class.php
line: 12
------------------

 