[2017-10-07 21:55:57]
type: E_PARSE
message: syntax error, unexpected '3' (T_LNUMBER), expecting function (T_FUNCTION)
file: D:\phpStudy\WWW\Project\Home\Index.class.php
line: 33
--------------------

 [2017-10-07 21:56:20]
type: E_PARSE
message: syntax error, unexpected '3' (T_LNUMBER), expecting function (T_FUNCTION)
file: D:\phpStudy\WWW\Project\Home\Index.class.php
line: 33
--------------------

 [2017-10-07 21:56:24]
type: E_PARSE
message: syntax error, unexpected '3' (T_LNUMBER), expecting function (T_FUNCTION)
file: D:\phpStudy\WWW\Project\Home\Index.class.php
line: 33
--------------------

 [2017-10-07 21:57:06]
type: E_PARSE
message: syntax error, unexpected '3' (T_LNUMBER), expecting function (T_FUNCTION)
file: D:\phpStudy\WWW\Project\Home\Index.class.php
line: 33
--------------------

 [2017-10-07 21:58:10]
type: E_PARSE
message: syntax error, unexpected '3' (T_LNUMBER), expecting function (T_FUNCTION)
file: D:\phpStudy\WWW\Project\Home\Index.class.php
line: 33
--------------------

 [2017-10-07 21:58:39]
type: E_PARSE
message: syntax error, unexpected '3' (T_LNUMBER), expecting function (T_FUNCTION)
file: D:\phpStudy\WWW\Project\Home\Index.class.php
line: 33
--------------------

 [2017-10-07 21:59:11]
type: E_PARSE
message: syntax error, unexpected '3' (T_LNUMBER), expecting function (T_FUNCTION)
file: D:\phpStudy\WWW\Project\Home\Index.class.php
line: 33
--------------------

 [2017-10-07 21:59:23]
type: E_PARSE
message: syntax error, unexpected '3' (T_LNUMBER), expecting function (T_FUNCTION)
file: D:\phpStudy\WWW\Project\Home\Index.class.php
line: 33
--------------------

 [2017-10-07 21:59:24]
type: E_PARSE
message: syntax error, unexpected '3' (T_LNUMBER), expecting function (T_FUNCTION)
file: D:\phpStudy\WWW\Project\Home\Index.class.php
line: 33
--------------------

 [2017-10-07 21:59:24]
type: E_PARSE
message: syntax error, unexpected '3' (T_LNUMBER), expecting function (T_FUNCTION)
file: D:\phpStudy\WWW\Project\Home\Index.class.php
line: 33
--------------------

 [2017-10-07 21:59:35]
type: E_PARSE
message: syntax error, unexpected '3' (T_LNUMBER), expecting function (T_FUNCTION)
file: D:\phpStudy\WWW\Project\Home\Index.class.php
line: 33
--------------------

 [2017-10-07 21:59:36]
type: E_PARSE
message: syntax error, unexpected '3' (T_LNUMBER), expecting function (T_FUNCTION)
file: D:\phpStudy\WWW\Project\Home\Index.class.php
line: 33
--------------------

 [2017-10-07 21:59:36]
type: E_PARSE
message: syntax error, unexpected '3' (T_LNUMBER), expecting function (T_FUNCTION)
file: D:\phpStudy\WWW\Project\Home\Index.class.php
line: 33
--------------------

 [2017-10-07 21:59:37]
type: E_PARSE
message: syntax error, unexpected '3' (T_LNUMBER), expecting function (T_FUNCTION)
file: D:\phpStudy\WWW\Project\Home\Index.class.php
line: 33
--------------------

 [2017-10-07 22:00:38]
type: E_PARSE
message: syntax error, unexpected '3' (T_LNUMBER), expecting function (T_FUNCTION)
file: D:\phpStudy\WWW\Project\Home\Index.class.php
line: 33
--------------------

 [2017-10-07 22:00:58]
type: E_PARSE
message: syntax error, unexpected '3' (T_LNUMBER), expecting function (T_FUNCTION)
file: D:\phpStudy\WWW\Project\Home\Index.class.php
line: 33
--------------------

 [2017-10-07 22:01:00]
type: E_PARSE
message: syntax error, unexpected '3' (T_LNUMBER), expecting function (T_FUNCTION)
file: D:\phpStudy\WWW\Project\Home\Index.class.php
line: 33
--------------------

 [2017-10-07 22:01:00]
type: E_PARSE
message: syntax error, unexpected '3' (T_LNUMBER), expecting function (T_FUNCTION)
file: D:\phpStudy\WWW\Project\Home\Index.class.php
line: 33
--------------------

 [2017-10-07 22:01:01]
type: E_PARSE
message: syntax error, unexpected '3' (T_LNUMBER), expecting function (T_FUNCTION)
file: D:\phpStudy\WWW\Project\Home\Index.class.php
line: 33
--------------------

 [2017-10-07 22:01:01]
type: E_PARSE
message: syntax error, unexpected '3' (T_LNUMBER), expecting function (T_FUNCTION)
file: D:\phpStudy\WWW\Project\Home\Index.class.php
line: 33
--------------------

 [2017-10-07 22:01:37]
type: E_PARSE
message: syntax error, unexpected '3' (T_LNUMBER), expecting function (T_FUNCTION)
file: D:\phpStudy\WWW\Project\Home\Index.class.php
line: 33
--------------------

 [2017-10-07 22:02:24]
type: E_PARSE
message: syntax error, unexpected '3' (T_LNUMBER), expecting function (T_FUNCTION)
file: D:\phpStudy\WWW\Project\Home\Index.class.php
line: 33
--------------------

 [2017-10-07 22:02:26]
type: E_PARSE
message: syntax error, unexpected '3' (T_LNUMBER), expecting function (T_FUNCTION)
file: D:\phpStudy\WWW\Project\Home\Index.class.php
line: 33
--------------------

 [2017-10-07 22:03:46]
type: E_PARSE
message: syntax error, unexpected '3' (T_LNUMBER), expecting function (T_FUNCTION)
file: D:\phpStudy\WWW\Project\Home\Index.class.php
line: 33
--------------------

 [2017-10-07 22:04:01]
type: E_PARSE
message: syntax error, unexpected '3' (T_LNUMBER), expecting function (T_FUNCTION)
file: D:\phpStudy\WWW\Project\Home\Index.class.php
line: 33
--------------------

 [2017-10-07 22:04:02]
type: E_PARSE
message: syntax error, unexpected '3' (T_LNUMBER), expecting function (T_FUNCTION)
file: D:\phpStudy\WWW\Project\Home\Index.class.php
line: 33
--------------------

 [2017-10-07 22:05:16]
type: E_PARSE
message: syntax error, unexpected '3' (T_LNUMBER), expecting function (T_FUNCTION)
file: D:\phpStudy\WWW\Project\Home\Index.class.php
line: 33
--------------------

 [2017-10-07 22:05:51]
type: E_PARSE
message: syntax error, unexpected '3' (T_LNUMBER), expecting function (T_FUNCTION)
file: D:\phpStudy\WWW\Project\Home\Index.class.php
line: 33
--------------------

 [2017-10-07 22:06:23]
type: E_PARSE
message: syntax error, unexpected '3' (T_LNUMBER), expecting function (T_FUNCTION)
file: D:\phpStudy\WWW\Project\Home\Index.class.php
line: 33
--------------------

 [2017-10-07 22:07:38]
type: E_PARSE
message: syntax error, unexpected '3' (T_LNUMBER), expecting function (T_FUNCTION)
file: D:\phpStudy\WWW\Project\Home\Index.class.php
line: 33
--------------------

 [2017-10-07 22:07:40]
type: E_PARSE
message: syntax error, unexpected '3' (T_LNUMBER), expecting function (T_FUNCTION)
file: D:\phpStudy\WWW\Project\Home\Index.class.php
line: 33
--------------------

 [2017-10-07 22:07:40]
type: E_PARSE
message: syntax error, unexpected '3' (T_LNUMBER), expecting function (T_FUNCTION)
file: D:\phpStudy\WWW\Project\Home\Index.class.php
line: 33
--------------------

 [2017-10-07 22:07:40]
type: E_PARSE
message: syntax error, unexpected '3' (T_LNUMBER), expecting function (T_FUNCTION)
file: D:\phpStudy\WWW\Project\Home\Index.class.php
line: 33
--------------------

 [2017-10-07 22:07:44]
type: E_PARSE
message: syntax error, unexpected '3' (T_LNUMBER), expecting function (T_FUNCTION)
file: D:\phpStudy\WWW\Project\Home\Index.class.php
line: 33
--------------------

 [2017-10-07 22:07:58]
type: E_PARSE
message: syntax error, unexpected '3' (T_LNUMBER), expecting function (T_FUNCTION)
file: D:\phpStudy\WWW\Project\Home\Index.class.php
line: 33
--------------------

 [2017-10-07 22:08:34]
type: E_PARSE
message: syntax error, unexpected '3' (T_LNUMBER), expecting function (T_FUNCTION)
file: D:\phpStudy\WWW\Project\Home\Index.class.php
line: 33
--------------------

 [2017-10-07 22:08:35]
type: E_PARSE
message: syntax error, unexpected '3' (T_LNUMBER), expecting function (T_FUNCTION)
file: D:\phpStudy\WWW\Project\Home\Index.class.php
line: 33
--------------------

 [2017-10-07 22:08:41]
type: E_PARSE
message: syntax error, unexpected '3' (T_LNUMBER), expecting function (T_FUNCTION)
file: D:\phpStudy\WWW\Project\Home\Index.class.php
line: 33
--------------------

 [2017-10-07 22:09:04]
type: E_PARSE
message: syntax error, unexpected '3' (T_LNUMBER), expecting function (T_FUNCTION)
file: D:\phpStudy\WWW\Project\Home\Index.class.php
line: 33
--------------------

 [2017-10-07 22:09:19]
type: E_PARSE
message: syntax error, unexpected '3' (T_LNUMBER), expecting function (T_FUNCTION)
file: D:\phpStudy\WWW\Project\Home\Index.class.php
line: 33
--------------------

 [2017-10-07 22:09:22]
type: E_PARSE
message: syntax error, unexpected '3' (T_LNUMBER), expecting function (T_FUNCTION)
file: D:\phpStudy\WWW\Project\Home\Index.class.php
line: 33
--------------------

 [2017-10-07 22:09:24]
type: E_PARSE
message: syntax error, unexpected '3' (T_LNUMBER), expecting function (T_FUNCTION)
file: D:\phpStudy\WWW\Project\Home\Index.class.php
line: 33
--------------------

 [2017-10-07 22:09:43]
type: E_PARSE
message: syntax error, unexpected '3' (T_LNUMBER), expecting function (T_FUNCTION)
file: D:\phpStudy\WWW\Project\Home\Index.class.php
line: 33
--------------------

 [2017-10-07 22:09:46]
type: E_PARSE
message: syntax error, unexpected '3' (T_LNUMBER), expecting function (T_FUNCTION)
file: D:\phpStudy\WWW\Project\Home\Index.class.php
line: 33
--------------------

 [2017-10-07 22:09:50]
type: E_PARSE
message: syntax error, unexpected '3' (T_LNUMBER), expecting function (T_FUNCTION)
file: D:\phpStudy\WWW\Project\Home\Index.class.php
line: 33
--------------------

 [2017-10-07 22:10:13]
type: E_PARSE
message: syntax error, unexpected '3' (T_LNUMBER), expecting function (T_FUNCTION)
file: D:\phpStudy\WWW\Project\Home\Index.class.php
line: 33
--------------------

 [2017-10-07 22:10:14]
type: E_PARSE
message: syntax error, unexpected '3' (T_LNUMBER), expecting function (T_FUNCTION)
file: D:\phpStudy\WWW\Project\Home\Index.class.php
line: 33
--------------------

 [2017-10-07 22:10:15]
type: E_PARSE
message: syntax error, unexpected '3' (T_LNUMBER), expecting function (T_FUNCTION)
file: D:\phpStudy\WWW\Project\Home\Index.class.php
line: 33
--------------------

 [2017-10-07 22:10:16]
type: E_PARSE
message: syntax error, unexpected '3' (T_LNUMBER), expecting function (T_FUNCTION)
file: D:\phpStudy\WWW\Project\Home\Index.class.php
line: 33
--------------------

 [2017-10-07 22:10:16]
type: E_PARSE
message: syntax error, unexpected '3' (T_LNUMBER), expecting function (T_FUNCTION)
file: D:\phpStudy\WWW\Project\Home\Index.class.php
line: 33
--------------------

 [2017-10-07 22:10:50]
type: E_PARSE
message: syntax error, unexpected '3' (T_LNUMBER), expecting function (T_FUNCTION)
file: D:\phpStudy\WWW\Project\Home\Index.class.php
line: 33
--------------------

 [2017-10-07 22:11:10]
type: E_PARSE
message: syntax error, unexpected '3' (T_LNUMBER), expecting function (T_FUNCTION)
file: D:\phpStudy\WWW\Project\Home\Index.class.php
line: 33
--------------------

 [2017-10-07 22:11:43]
type: E_PARSE
message: syntax error, unexpected '3' (T_LNUMBER), expecting function (T_FUNCTION)
file: D:\phpStudy\WWW\Project\Home\Index.class.php
line: 33
--------------------

 [2017-10-07 22:11:52]
type: E_PARSE
message: syntax error, unexpected '3' (T_LNUMBER), expecting function (T_FUNCTION)
file: D:\phpStudy\WWW\Project\Home\Index.class.php
line: 33
--------------------

 [2017-10-07 22:12:16]
type: E_PARSE
message: syntax error, unexpected '3' (T_LNUMBER), expecting function (T_FUNCTION)
file: D:\phpStudy\WWW\Project\Home\Index.class.php
line: 33
--------------------

 [2017-10-07 22:12:27]
type: E_PARSE
message: syntax error, unexpected '3' (T_LNUMBER), expecting function (T_FUNCTION)
file: D:\phpStudy\WWW\Project\Home\Index.class.php
line: 33
--------------------

 [2017-10-07 22:12:46]
type: E_PARSE
message: syntax error, unexpected '3' (T_LNUMBER), expecting function (T_FUNCTION)
file: D:\phpStudy\WWW\Project\Home\Index.class.php
line: 33
--------------------

 [2017-10-07 22:12:46]
type: E_PARSE
message: syntax error, unexpected '3' (T_LNUMBER), expecting function (T_FUNCTION)
file: D:\phpStudy\WWW\Project\Home\Index.class.php
line: 33
--------------------

 [2017-10-07 22:12:46]
type: E_PARSE
message: syntax error, unexpected '3' (T_LNUMBER), expecting function (T_FUNCTION)
file: D:\phpStudy\WWW\Project\Home\Index.class.php
line: 33
--------------------

 [2017-10-07 22:13:11]
type: E_PARSE
message: syntax error, unexpected '3' (T_LNUMBER), expecting function (T_FUNCTION)
file: D:\phpStudy\WWW\Project\Home\Index.class.php
line: 33
--------------------

 [2017-10-07 22:13:22]
type: E_PARSE
message: syntax error, unexpected '3' (T_LNUMBER), expecting function (T_FUNCTION)
file: D:\phpStudy\WWW\Project\Home\Index.class.php
line: 33
--------------------

 [2017-10-07 22:13:40]
type: E_PARSE
message: syntax error, unexpected '3' (T_LNUMBER), expecting function (T_FUNCTION)
file: D:\phpStudy\WWW\Project\Home\Index.class.php
line: 33
--------------------

 [2017-10-07 22:14:07]
type: E_PARSE
message: syntax error, unexpected '3' (T_LNUMBER), expecting function (T_FUNCTION)
file: D:\phpStudy\WWW\Project\Home\Index.class.php
line: 33
--------------------

 [2017-10-07 22:14:26]
type: E_PARSE
message: syntax error, unexpected '3' (T_LNUMBER), expecting function (T_FUNCTION)
file: D:\phpStudy\WWW\Project\Home\Index.class.php
line: 33
--------------------

 [2017-10-07 22:15:01]
type: E_PARSE
message: syntax error, unexpected '3' (T_LNUMBER), expecting function (T_FUNCTION)
file: D:\phpStudy\WWW\Project\Home\Index.class.php
line: 33
--------------------

 [2017-10-07 22:15:20]
type: E_PARSE
message: syntax error, unexpected '3' (T_LNUMBER), expecting function (T_FUNCTION)
file: D:\phpStudy\WWW\Project\Home\Index.class.php
line: 33
--------------------

 [2017-10-07 22:15:44]
type: E_PARSE
message: syntax error, unexpected 'class' (T_CLASS)
file: D:\phpStudy\WWW\Project\Home\Index.class.php
line: 7
--------------------

 [2017-10-07 22:16:12]
type: E_PARSE
message: syntax error, unexpected '2' (T_LNUMBER), expecting identifier (T_STRING)
file: D:\phpStudy\WWW\Project\Home\Index.class.php
line: 7
--------------------

 [2017-10-07 22:16:30]
type: E_PARSE
message: syntax error, unexpected 'namespace' (T_NAMESPACE)
file: D:\phpStudy\WWW\Project\Home\Index.class.php
line: 4
--------------------

 [2017-10-07 22:26:29]
type: E_ERROR
message: Call to undefined method Framework\Library\Process\Drive\Db\Mysqli::dd()
file: D:\phpStudy\WWW\Project\Home\Index.class.php
line: 26
--------------------

 [2017-10-07 22:27:07]
type: E_ERROR
message: Call to undefined method Framework\Library\Process\Drive\Db\Mysqli::dd()
file: D:\phpStudy\WWW\Project\Home\Index.class.php
line: 26
--------------------

 [2017-10-07 22:27:10]
type: E_ERROR
message: Call to undefined method Framework\Library\Process\Drive\Db\Mysqli::dd()
file: D:\phpStudy\WWW\Project\Home\Index.class.php
line: 26
--------------------

 [2017-10-07 22:28:17]
type: E_ERROR
message: Call to undefined method Framework\Library\Process\Drive\Db\Mysqli::dd()
file: D:\phpStudy\WWW\Project\Home\Index.class.php
line: 26
--------------------

 [2017-10-07 22:28:18]
type: E_ERROR
message: Call to undefined method Framework\Library\Process\Drive\Db\Mysqli::dd()
file: D:\phpStudy\WWW\Project\Home\Index.class.php
line: 26
--------------------

 [2017-10-07 22:28:19]
type: E_ERROR
message: Call to undefined method Framework\Library\Process\Drive\Db\Mysqli::dd()
file: D:\phpStudy\WWW\Project\Home\Index.class.php
line: 26
--------------------

 [2017-10-07 22:28:19]
type: E_ERROR
message: Call to undefined method Framework\Library\Process\Drive\Db\Mysqli::dd()
file: D:\phpStudy\WWW\Project\Home\Index.class.php
line: 26
--------------------

 [2017-10-07 22:28:21]
type: E_ERROR
message: Call to undefined method Framework\Library\Process\Drive\Db\Mysqli::dd()
file: D:\phpStudy\WWW\Project\Home\Index.class.php
line: 26
--------------------

 [2017-10-07 22:28:23]
type: E_ERROR
message: Call to undefined method Framework\Library\Process\Drive\Db\Mysqli::dd()
file: D:\phpStudy\WWW\Project\Home\Index.class.php
line: 26
--------------------

 [2017-10-07 22:28:26]
type: E_ERROR
message: Call to undefined method Framework\Library\Process\Drive\Db\Mysqli::dd()
file: D:\phpStudy\WWW\Project\Home\Index.class.php
line: 26
--------------------

 [2017-10-07 22:28:33]
type: E_ERROR
message: Call to undefined method Framework\Library\Process\Drive\Db\Mysqli::dd()
file: D:\phpStudy\WWW\Project\Home\Index.class.php
line: 26
--------------------

 [2017-10-07 22:29:27]
type: E_ERROR
message: Call to undefined method Framework\Library\Process\Drive\Db\Mysqli::dd()
file: D:\phpStudy\WWW\Project\Home\Index.class.php
line: 26
--------------------

 [2017-10-07 22:29:49]
type: E_ERROR
message: Call to undefined method Framework\Library\Process\Drive\Db\Mysqli::dd()
file: D:\phpStudy\WWW\Project\Home\Index.class.php
line: 26
--------------------

 [2017-10-07 22:30:00]
type: E_ERROR
message: Call to undefined method Framework\Library\Process\Drive\Db\Mysqli::dd()
file: D:\phpStudy\WWW\Project\Home\Index.class.php
line: 26
--------------------

 [2017-10-07 22:30:08]
type: E_ERROR
message: Call to undefined method Framework\Library\Process\Drive\Db\Mysqli::dd()
file: D:\phpStudy\WWW\Project\Home\Index.class.php
line: 26
--------------------

 [2017-10-07 22:30:36]
type: E_ERROR
message: Call to undefined method Framework\Library\Process\Drive\Db\Mysqli::dd()
file: D:\phpStudy\WWW\Project\Home\Index.class.php
line: 26
--------------------

 [2017-10-07 22:30:37]
type: E_ERROR
message: Call to undefined method Framework\Library\Process\Drive\Db\Mysqli::dd()
file: D:\phpStudy\WWW\Project\Home\Index.class.php
line: 26
--------------------

 [2017-10-07 22:30:38]
type: E_ERROR
message: Call to undefined method Framework\Library\Process\Drive\Db\Mysqli::dd()
file: D:\phpStudy\WWW\Project\Home\Index.class.php
line: 26
--------------------

 [2017-10-07 22:30:47]
type: E_ERROR
message: Call to undefined method Framework\Library\Process\Drive\Db\Mysqli::dd()
file: D:\phpStudy\WWW\Project\Home\Index.class.php
line: 26
--------------------

 [2017-10-07 22:31:00]
type: E_ERROR
message: Call to undefined method Framework\Library\Process\Drive\Db\Mysqli::dd()
file: D:\phpStudy\WWW\Project\Home\Index.class.php
line: 26
--------------------

 [2017-10-07 22:35:39]
type: E_ERROR
message: Call to undefined method Framework\Library\Process\Log::set()
file: D:\phpStudy\WWW\Project\Home\Index.class.php
line: 30
--------------------

 [2017-10-10 02:18:01]
type: E_PARSE
message: syntax error, unexpected 'return' (T_RETURN)
file: D:\phpStudy\WWW\Project\Home\Index.class.php
line: 12
--------------------

 [2017-10-10 02:18:25]
type: E_PARSE
message: syntax error, unexpected ';'
file: D:\phpStudy\WWW\Project\Home\Index.class.php
line: 12
--------------------

 [2017-10-10 02:18:44]
type: E_PARSE
message: syntax error, unexpected ';'
file: D:\phpStudy\WWW\Project\Home\Index.class.php
line: 12
--------------------

 [2017-10-12 04:15:50]
type: E_NOTICE
message: Undefined index: id
file: D:\phpStudy\WWW\Project\Home\Index.class.php
line: 33
--------------------

 [2017-10-12 04:15:54]
type: E_NOTICE
message: Undefined index: id
file: D:\phpStudy\WWW\Project\Home\Index.class.php
line: 33
--------------------

 [2017-10-12 04:16:36]
type: E_NOTICE
message: Undefined index: id
file: D:\phpStudy\WWW\Project\Home\Index.class.php
line: 33
--------------------

 [2017-10-12 04:16:36]
type: E_NOTICE
message: Undefined index: id
file: D:\phpStudy\WWW\Project\Home\Index.class.php
line: 33
--------------------

 [2017-10-12 04:16:36]
type: E_NOTICE
message: Undefined index: id
file: D:\phpStudy\WWW\Project\Home\Index.class.php
line: 33
--------------------

 [2017-10-12 04:16:54]
type: E_NOTICE
message: Undefined index: id
file: D:\phpStudy\WWW\Project\Home\Index.class.php
line: 33
--------------------

 [2017-10-12 04:17:40]
type: E_NOTICE
message: Undefined index: id
file: D:\phpStudy\WWW\Project\Home\Index.class.php
line: 33
--------------------

 [2017-10-12 04:18:06]
type: E_NOTICE
message: Undefined index: id
file: D:\phpStudy\WWW\Project\Home\Index.class.php
line: 33
--------------------

 [2017-10-12 04:18:45]
type: E_NOTICE
message: Undefined index: id
file: D:\phpStudy\WWW\Project\Home\Index.class.php
line: 33
--------------------

 [2017-10-12 04:18:59]
type: E_NOTICE
message: Undefined index: id
file: D:\phpStudy\WWW\Project\Home\Index.class.php
line: 33
--------------------

 [2017-10-12 04:19:44]
type: E_NOTICE
message: Undefined index: id
file: D:\phpStudy\WWW\Project\Home\Index.class.php
line: 33
--------------------

 [2017-10-12 04:20:47]
type: E_NOTICE
message: Undefined index: id
file: D:\phpStudy\WWW\Project\Home\Index.class.php
line: 33
--------------------

 [2017-10-12 04:20:48]
type: E_NOTICE
message: Undefined index: id
file: D:\phpStudy\WWW\Project\Home\Index.class.php
line: 33
--------------------

 [2017-10-12 04:20:48]
type: E_NOTICE
message: Undefined index: id
file: D:\phpStudy\WWW\Project\Home\Index.class.php
line: 33
--------------------

 [2017-10-12 04:20:50]
type: E_NOTICE
message: Undefined index: id
file: D:\phpStudy\WWW\Project\Home\Index.class.php
line: 33
--------------------

 [2017-10-12 04:20:51]
type: E_NOTICE
message: Undefined index: id
file: D:\phpStudy\WWW\Project\Home\Index.class.php
line: 33
--------------------

 [2017-10-12 04:20:51]
type: E_NOTICE
message: Undefined index: id
file: D:\phpStudy\WWW\Project\Home\Index.class.php
line: 33
--------------------

 [2017-10-12 04:20:51]
type: E_NOTICE
message: Undefined index: id
file: D:\phpStudy\WWW\Project\Home\Index.class.php
line: 33
--------------------

 [2017-10-12 04:20:51]
type: E_NOTICE
message: Undefined index: id
file: D:\phpStudy\WWW\Project\Home\Index.class.php
line: 33
--------------------

 